<?xml version="1.0" encoding="UTF-8"?>
<!-- Generated by org.testng.reporters.JUnitXMLReporter -->
<testsuite ignored="0" hostname="LAPTOP-16NA0FI5" failures="7" tests="7" name="ChromeTest" time="14.634" errors="0" timestamp="2025-03-19T15:44:01 GMT-04:00">
  <testcase classname="io.cucumber.testng.AbstractTestNGCucumberTests" name="runScenario" time="0.943">
    <failure type="java.lang.NullPointerException" message="Cannot invoke &amp;quot;org.openqa.selenium.WebDriver.getTitle()&amp;quot; because &amp;quot;this.driver&amp;quot; is null">
      <![CDATA[java.lang.NullPointerException: Cannot invoke "org.openqa.selenium.WebDriver.getTitle()" because "this.driver" is null
at PageObjectModel.IntroductionPagePom.getPageTitle(IntroductionPagePom.java:302)
at StepDefinitions.Step_DataStructurePage.the_user_is_in_the_try_editor_page_of_time_complexity_page(Step_DataStructurePage.java:120)
at ✽.The user is in the tryEditor page of Time Complexity page(file:///C:/Users/Lavanya%20Yelakala/eclipse-workspace/DSAlgo_TeamAchievers/src/test/resources/features/UC04_dataStructureIntro.feature:23)
]]>
    </failure>
  </testcase> <!-- runScenario -->
  <testcase classname="io.cucumber.testng.AbstractTestNGCucumberTests" name="runScenario" time="0.949">
    <failure type="java.lang.NullPointerException" message="Cannot invoke &amp;quot;org.openqa.selenium.WebDriver.get(String)&amp;quot; because &amp;quot;this.driver&amp;quot; is null">
      <![CDATA[java.lang.NullPointerException: Cannot invoke "org.openqa.selenium.WebDriver.get(String)" because "this.driver" is null
at PageObjectModel.HomePom.openDSIntroductionUrl(HomePom.java:50)
at StepDefinitions.Step_DataStructurePage.the_user_is_on_the_data_structure_introduction_page_of_ds_algo_portal_after_sign_in(Step_DataStructurePage.java:75)
at ✽.The user is on the Data Structure introduction Page of ds algo portal after sign in(file:///C:/Users/Lavanya%20Yelakala/eclipse-workspace/DSAlgo_TeamAchievers/src/test/resources/features/UC04_dataStructureIntro.feature:11)
]]>
    </failure>
  </testcase> <!-- runScenario -->
  <testcase classname="io.cucumber.testng.AbstractTestNGCucumberTests" name="runScenario" time="0.95">
    <failure type="java.lang.NullPointerException" message="Cannot invoke &amp;quot;org.openqa.selenium.WebDriver.get(String)&amp;quot; because &amp;quot;this.driver&amp;quot; is null">
      <![CDATA[java.lang.NullPointerException: Cannot invoke "org.openqa.selenium.WebDriver.get(String)" because "this.driver" is null
at PageObjectModel.HomePom.openPracticeQnsPageUrl(HomePom.java:54)
at StepDefinitions.Step_DataStructurePage.the_user_clicks_practice_questions_link_of_ds_page(Step_DataStructurePage.java:192)
at ✽.The user clicks Practice Questions link of DS page(file:///C:/Users/Lavanya%20Yelakala/eclipse-workspace/DSAlgo_TeamAchievers/src/test/resources/features/UC04_dataStructureIntro.feature:51)
]]>
    </failure>
  </testcase> <!-- runScenario -->
  <testcase classname="io.cucumber.testng.AbstractTestNGCucumberTests" name="runScenario" time="0.961">
    <failure type="java.lang.NullPointerException" message="Cannot invoke &amp;quot;org.openqa.selenium.WebDriver.getTitle()&amp;quot; because &amp;quot;this.driver&amp;quot; is null">
      <![CDATA[java.lang.NullPointerException: Cannot invoke "org.openqa.selenium.WebDriver.getTitle()" because "this.driver" is null
at PageObjectModel.IntroductionPagePom.getPageTitle(IntroductionPagePom.java:302)
at StepDefinitions.Step_DataStructurePage.the_user_is_in_the_try_editor_page_of_time_complexity_page(Step_DataStructurePage.java:120)
at ✽.The user is in the tryEditor page of Time Complexity page(file:///C:/Users/Lavanya%20Yelakala/eclipse-workspace/DSAlgo_TeamAchievers/src/test/resources/features/UC04_dataStructureIntro.feature:39)
]]>
    </failure>
  </testcase> <!-- runScenario -->
  <testcase classname="io.cucumber.testng.AbstractTestNGCucumberTests" name="runScenario" time="0.975">
    <failure type="java.lang.NullPointerException" message="Cannot invoke &amp;quot;org.openqa.selenium.WebDriver.get(String)&amp;quot; because &amp;quot;this.driver&amp;quot; is null">
      <![CDATA[java.lang.NullPointerException: Cannot invoke "org.openqa.selenium.WebDriver.get(String)" because "this.driver" is null
at PageObjectModel.HomePom.openURL(HomePom.java:38)
at StepDefinitions.Step_DataStructurePage.the_user_is_landed_on_the_home_page_after_sign_in(Step_DataStructurePage.java:48)
at ✽.The user is landed on the home page after sign-in(file:///C:/Users/Lavanya%20Yelakala/eclipse-workspace/DSAlgo_TeamAchievers/src/test/resources/features/UC04_dataStructureIntro.feature:5)
]]>
    </failure>
  </testcase> <!-- runScenario -->
  <testcase classname="io.cucumber.testng.AbstractTestNGCucumberTests" name="runScenario" time="0.973">
    <failure type="java.lang.NullPointerException" message="Cannot invoke &amp;quot;org.openqa.selenium.WebDriver.getTitle()&amp;quot; because &amp;quot;this.driver&amp;quot; is null">
      <![CDATA[java.lang.NullPointerException: Cannot invoke "org.openqa.selenium.WebDriver.getTitle()" because "this.driver" is null
at StepDefinitions.Step_DataStructurePage.the_user_is_on_the_time_complexity_page_of_ds_introduction_page(Step_DataStructurePage.java:95)
at ✽.The user is on the Time Complexity Page of DS Introduction page(file:///C:/Users/Lavanya%20Yelakala/eclipse-workspace/DSAlgo_TeamAchievers/src/test/resources/features/UC04_dataStructureIntro.feature:17)
]]>
    </failure>
  </testcase> <!-- runScenario -->
  <testcase classname="io.cucumber.testng.AbstractTestNGCucumberTests" name="runScenario" time="0.983">
    <failure type="java.lang.NullPointerException" message="Cannot invoke &amp;quot;org.openqa.selenium.WebDriver.getTitle()&amp;quot; because &amp;quot;this.driver&amp;quot; is null">
      <![CDATA[java.lang.NullPointerException: Cannot invoke "org.openqa.selenium.WebDriver.getTitle()" because "this.driver" is null
at PageObjectModel.IntroductionPagePom.getPageTitle(IntroductionPagePom.java:302)
at StepDefinitions.Step_DataStructurePage.the_user_is_in_the_try_editor_page_of_time_complexity_page(Step_DataStructurePage.java:120)
at ✽.The user is in the tryEditor page of Time Complexity page(file:///C:/Users/Lavanya%20Yelakala/eclipse-workspace/DSAlgo_TeamAchievers/src/test/resources/features/UC04_dataStructureIntro.feature:29)
]]>
    </failure>
  </testcase> <!-- runScenario -->
</testsuite> <!-- ChromeTest -->
