<html>
<head>
<title>TestNG:  FirefoxTest</title>
<link href="../testng.css" rel="stylesheet" type="text/css" />
<link href="../my-testng.css" rel="stylesheet" type="text/css" />

<style type="text/css">
.log { display: none;} 
.stack-trace { display: none;} 
</style>
<script type="text/javascript">
<!--
function flip(e) {
  current = e.style.display;
  if (current == 'block') {
    e.style.display = 'none';
    return 0;
  }
  else {
    e.style.display = 'block';
    return 1;
  }
}

function toggleBox(szDivId, elem, msg1, msg2)
{
  var res = -1;  if (document.getElementById) {
    res = flip(document.getElementById(szDivId));
  }
  else if (document.all) {
    // this is the way old msie versions work
    res = flip(document.all[szDivId]);
  }
  if(elem) {
    if(res == 0) elem.innerHTML = msg1; else elem.innerHTML = msg2;
  }

}

function toggleAllBoxes() {
  if (document.getElementsByTagName) {
    d = document.getElementsByTagName('div');
    for (i = 0; i < d.length; i++) {
      if (d[i].className == 'log') {
        flip(d[i]);
      }
    }
  }
}

// -->
</script>

</head>
<body>
<h2 align='center'>FirefoxTest</h2><table border='1' align="center">
<tr>
<td>Tests passed/Failed/Skipped:</td><td>0/7/0</td>
</tr><tr>
<td>Started on:</td><td>Wed Mar 19 15:43:46 EDT 2025</td>
</tr>
<tr><td>Total time:</td><td>14 seconds (14797 ms)</td>
</tr><tr>
<td>Included groups:</td><td></td>
</tr><tr>
<td>Excluded groups:</td><td></td>
</tr>
</table><p/>
<small><i>(Hover the method name to see the test class name)</i></small><p/>
<table width='100%' border='1' class='invocation-failed'>
<tr><td colspan='4' align='center'><b>FAILED TESTS</b></td></tr>
<tr><td><b>Test method</b></td>
<td><b>Attribute(s)</b></td>
<td width="30%"><b>Exception</b></td>
<td width="10%"><b>Time (seconds)</b></td>
<td><b>Instance</b></td>
</tr>
<tr>
<td title='Runner.TestRunner.runScenario()'><b>runScenario</b><br>Test class: Runner.TestRunner<br>Test method: Runs Cucumber Scenarios<br>Parameters: "Verify that user is able to navigate to Practice Questions page", "Data Structures-Introduction"</td>
<td><div><pre>java.lang.NullPointerException: Cannot invoke &quot;org.openqa.selenium.WebDriver.get(String)&quot; because &quot;this.driver&quot; is null
	at PageObjectModel.HomePom.openPracticeQnsPageUrl(HomePom.java:54)
	at StepDefinitions.Step_DataStructurePage.the_user_clicks_practice_questions_link_of_ds_page(Step_DataStructurePage.java:192)
	at ✽.The user clicks Practice Questions link of DS page(file:///C:/Users/Lavanya%20Yelakala/eclipse-workspace/DSAlgo_TeamAchievers/src/test/resources/features/UC04_dataStructureIntro.feature:51)
</pre></div><a href='#' onClick='toggleBox("stack-trace850251225", this, "Click to show all stack frames", "Click to hide stack frames")'>Click to show all stack frames</a>
<div class='stack-trace' id='stack-trace850251225'><pre>java.lang.NullPointerException: Cannot invoke &quot;org.openqa.selenium.WebDriver.get(String)&quot; because &quot;this.driver&quot; is null
	at PageObjectModel.HomePom.openPracticeQnsPageUrl(HomePom.java:54)
	at StepDefinitions.Step_DataStructurePage.the_user_clicks_practice_questions_link_of_ds_page(Step_DataStructurePage.java:192)
	at ✽.The user clicks Practice Questions link of DS page(file:///C:/Users/Lavanya%20Yelakala/eclipse-workspace/DSAlgo_TeamAchievers/src/test/resources/features/UC04_dataStructureIntro.feature:51)
</pre></div></td>
<td>0</td>
<td>Runner.TestRunner@50de186c</td></tr>
<tr>
<td title='Runner.TestRunner.runScenario()'><b>runScenario</b><br>Test class: Runner.TestRunner<br>Test method: Runs Cucumber Scenarios<br>Parameters: "Verify that user does not get any error message  when clicked on Run button without any code", "Data Structures-Introduction"</td>
<td><div><pre>java.lang.NullPointerException: Cannot invoke &quot;org.openqa.selenium.WebDriver.getTitle()&quot; because &quot;this.driver&quot; is null
	at PageObjectModel.IntroductionPagePom.getPageTitle(IntroductionPagePom.java:302)
	at StepDefinitions.Step_DataStructurePage.the_user_is_in_the_try_editor_page_of_time_complexity_page(Step_DataStructurePage.java:120)
	at ✽.The user is in the tryEditor page of Time Complexity page(file:///C:/Users/Lavanya%20Yelakala/eclipse-workspace/DSAlgo_TeamAchievers/src/test/resources/features/UC04_dataStructureIntro.feature:23)
</pre></div><a href='#' onClick='toggleBox("stack-trace1958860261", this, "Click to show all stack frames", "Click to hide stack frames")'>Click to show all stack frames</a>
<div class='stack-trace' id='stack-trace1958860261'><pre>java.lang.NullPointerException: Cannot invoke &quot;org.openqa.selenium.WebDriver.getTitle()&quot; because &quot;this.driver&quot; is null
	at PageObjectModel.IntroductionPagePom.getPageTitle(IntroductionPagePom.java:302)
	at StepDefinitions.Step_DataStructurePage.the_user_is_in_the_try_editor_page_of_time_complexity_page(Step_DataStructurePage.java:120)
	at ✽.The user is in the tryEditor page of Time Complexity page(file:///C:/Users/Lavanya%20Yelakala/eclipse-workspace/DSAlgo_TeamAchievers/src/test/resources/features/UC04_dataStructureIntro.feature:23)
</pre></div></td>
<td>0</td>
<td>Runner.TestRunner@50de186c</td></tr>
<tr>
<td title='Runner.TestRunner.runScenario()'><b>runScenario</b><br>Test class: Runner.TestRunner<br>Test method: Runs Cucumber Scenarios<br>Parameters: "Verify that user is able to navigate to Try Editor from Time Complexity page for DS Introduction page", "Data Structures-Introduction"</td>
<td><div><pre>java.lang.NullPointerException: Cannot invoke &quot;org.openqa.selenium.WebDriver.getTitle()&quot; because &quot;this.driver&quot; is null
	at StepDefinitions.Step_DataStructurePage.the_user_is_on_the_time_complexity_page_of_ds_introduction_page(Step_DataStructurePage.java:95)
	at ✽.The user is on the Time Complexity Page of DS Introduction page(file:///C:/Users/Lavanya%20Yelakala/eclipse-workspace/DSAlgo_TeamAchievers/src/test/resources/features/UC04_dataStructureIntro.feature:17)
</pre></div><a href='#' onClick='toggleBox("stack-trace1383691612", this, "Click to show all stack frames", "Click to hide stack frames")'>Click to show all stack frames</a>
<div class='stack-trace' id='stack-trace1383691612'><pre>java.lang.NullPointerException: Cannot invoke &quot;org.openqa.selenium.WebDriver.getTitle()&quot; because &quot;this.driver&quot; is null
	at StepDefinitions.Step_DataStructurePage.the_user_is_on_the_time_complexity_page_of_ds_introduction_page(Step_DataStructurePage.java:95)
	at ✽.The user is on the Time Complexity Page of DS Introduction page(file:///C:/Users/Lavanya%20Yelakala/eclipse-workspace/DSAlgo_TeamAchievers/src/test/resources/features/UC04_dataStructureIntro.feature:17)
</pre></div></td>
<td>0</td>
<td>Runner.TestRunner@50de186c</td></tr>
<tr>
<td title='Runner.TestRunner.runScenario()'><b>runScenario</b><br>Test class: Runner.TestRunner<br>Test method: Runs Cucumber Scenarios<br>Parameters: "Verify that user receives error message in the alert window for invalid python code", "Data Structures-Introduction"</td>
<td><div><pre>java.lang.NullPointerException: Cannot invoke &quot;org.openqa.selenium.WebDriver.getTitle()&quot; because &quot;this.driver&quot; is null
	at PageObjectModel.IntroductionPagePom.getPageTitle(IntroductionPagePom.java:302)
	at StepDefinitions.Step_DataStructurePage.the_user_is_in_the_try_editor_page_of_time_complexity_page(Step_DataStructurePage.java:120)
	at ✽.The user is in the tryEditor page of Time Complexity page(file:///C:/Users/Lavanya%20Yelakala/eclipse-workspace/DSAlgo_TeamAchievers/src/test/resources/features/UC04_dataStructureIntro.feature:29)
</pre></div><a href='#' onClick='toggleBox("stack-trace2031256884", this, "Click to show all stack frames", "Click to hide stack frames")'>Click to show all stack frames</a>
<div class='stack-trace' id='stack-trace2031256884'><pre>java.lang.NullPointerException: Cannot invoke &quot;org.openqa.selenium.WebDriver.getTitle()&quot; because &quot;this.driver&quot; is null
	at PageObjectModel.IntroductionPagePom.getPageTitle(IntroductionPagePom.java:302)
	at StepDefinitions.Step_DataStructurePage.the_user_is_in_the_try_editor_page_of_time_complexity_page(Step_DataStructurePage.java:120)
	at ✽.The user is in the tryEditor page of Time Complexity page(file:///C:/Users/Lavanya%20Yelakala/eclipse-workspace/DSAlgo_TeamAchievers/src/test/resources/features/UC04_dataStructureIntro.feature:29)
</pre></div></td>
<td>0</td>
<td>Runner.TestRunner@50de186c</td></tr>
<tr>
<td title='Runner.TestRunner.runScenario()'><b>runScenario</b><br>Test class: Runner.TestRunner<br>Test method: Runs Cucumber Scenarios<br>Parameters: "Verify that user is able to navigate to Data Structures - Introduction page", "Data Structures-Introduction"</td>
<td><div><pre>java.lang.NullPointerException: Cannot invoke &quot;org.openqa.selenium.WebDriver.get(String)&quot; because &quot;this.driver&quot; is null
	at PageObjectModel.HomePom.openURL(HomePom.java:38)
	at StepDefinitions.Step_DataStructurePage.the_user_is_landed_on_the_home_page_after_sign_in(Step_DataStructurePage.java:48)
	at ✽.The user is landed on the home page after sign-in(file:///C:/Users/Lavanya%20Yelakala/eclipse-workspace/DSAlgo_TeamAchievers/src/test/resources/features/UC04_dataStructureIntro.feature:5)
</pre></div><a href='#' onClick='toggleBox("stack-trace706437436", this, "Click to show all stack frames", "Click to hide stack frames")'>Click to show all stack frames</a>
<div class='stack-trace' id='stack-trace706437436'><pre>java.lang.NullPointerException: Cannot invoke &quot;org.openqa.selenium.WebDriver.get(String)&quot; because &quot;this.driver&quot; is null
	at PageObjectModel.HomePom.openURL(HomePom.java:38)
	at StepDefinitions.Step_DataStructurePage.the_user_is_landed_on_the_home_page_after_sign_in(Step_DataStructurePage.java:48)
	at ✽.The user is landed on the home page after sign-in(file:///C:/Users/Lavanya%20Yelakala/eclipse-workspace/DSAlgo_TeamAchievers/src/test/resources/features/UC04_dataStructureIntro.feature:5)
</pre></div></td>
<td>0</td>
<td>Runner.TestRunner@50de186c</td></tr>
<tr>
<td title='Runner.TestRunner.runScenario()'><b>runScenario</b><br>Test class: Runner.TestRunner<br>Test method: Runs Cucumber Scenarios<br>Parameters: "Verify that user is able to see output for valid python code", "Data Structures-Introduction"</td>
<td><div><pre>java.lang.NullPointerException: Cannot invoke &quot;org.openqa.selenium.WebDriver.getTitle()&quot; because &quot;this.driver&quot; is null
	at PageObjectModel.IntroductionPagePom.getPageTitle(IntroductionPagePom.java:302)
	at StepDefinitions.Step_DataStructurePage.the_user_is_in_the_try_editor_page_of_time_complexity_page(Step_DataStructurePage.java:120)
	at ✽.The user is in the tryEditor page of Time Complexity page(file:///C:/Users/Lavanya%20Yelakala/eclipse-workspace/DSAlgo_TeamAchievers/src/test/resources/features/UC04_dataStructureIntro.feature:39)
</pre></div><a href='#' onClick='toggleBox("stack-trace1942939555", this, "Click to show all stack frames", "Click to hide stack frames")'>Click to show all stack frames</a>
<div class='stack-trace' id='stack-trace1942939555'><pre>java.lang.NullPointerException: Cannot invoke &quot;org.openqa.selenium.WebDriver.getTitle()&quot; because &quot;this.driver&quot; is null
	at PageObjectModel.IntroductionPagePom.getPageTitle(IntroductionPagePom.java:302)
	at StepDefinitions.Step_DataStructurePage.the_user_is_in_the_try_editor_page_of_time_complexity_page(Step_DataStructurePage.java:120)
	at ✽.The user is in the tryEditor page of Time Complexity page(file:///C:/Users/Lavanya%20Yelakala/eclipse-workspace/DSAlgo_TeamAchievers/src/test/resources/features/UC04_dataStructureIntro.feature:39)
</pre></div></td>
<td>0</td>
<td>Runner.TestRunner@50de186c</td></tr>
<tr>
<td title='Runner.TestRunner.runScenario()'><b>runScenario</b><br>Test class: Runner.TestRunner<br>Test method: Runs Cucumber Scenarios<br>Parameters: "Verify that user is able to navigate to  Time Complexity page of DS Introduction page", "Data Structures-Introduction"</td>
<td><div><pre>java.lang.NullPointerException: Cannot invoke &quot;org.openqa.selenium.WebDriver.get(String)&quot; because &quot;this.driver&quot; is null
	at PageObjectModel.HomePom.openDSIntroductionUrl(HomePom.java:50)
	at StepDefinitions.Step_DataStructurePage.the_user_is_on_the_data_structure_introduction_page_of_ds_algo_portal_after_sign_in(Step_DataStructurePage.java:75)
	at ✽.The user is on the Data Structure introduction Page of ds algo portal after sign in(file:///C:/Users/Lavanya%20Yelakala/eclipse-workspace/DSAlgo_TeamAchievers/src/test/resources/features/UC04_dataStructureIntro.feature:11)
</pre></div><a href='#' onClick='toggleBox("stack-trace689424601", this, "Click to show all stack frames", "Click to hide stack frames")'>Click to show all stack frames</a>
<div class='stack-trace' id='stack-trace689424601'><pre>java.lang.NullPointerException: Cannot invoke &quot;org.openqa.selenium.WebDriver.get(String)&quot; because &quot;this.driver&quot; is null
	at PageObjectModel.HomePom.openDSIntroductionUrl(HomePom.java:50)
	at StepDefinitions.Step_DataStructurePage.the_user_is_on_the_data_structure_introduction_page_of_ds_algo_portal_after_sign_in(Step_DataStructurePage.java:75)
	at ✽.The user is on the Data Structure introduction Page of ds algo portal after sign in(file:///C:/Users/Lavanya%20Yelakala/eclipse-workspace/DSAlgo_TeamAchievers/src/test/resources/features/UC04_dataStructureIntro.feature:11)
</pre></div></td>
<td>0</td>
<td>Runner.TestRunner@50de186c</td></tr>
</table><p>
</body>
</html>