<?xml version="1.0" encoding="UTF-8"?>
<testng-results ignored="0" total="7" passed="6" failed="1" skipped="0">
  <reporter-output>
  </reporter-output>
  <suite started-at="2025-03-19T15:58:59 GMT-04:00" name="Default suite" finished-at="2025-03-19T15:59:13 GMT-04:00" duration-ms="13962">
    <groups>
      <group name="cucumber">
        <method signature="AbstractTestNGCucumberTests.runScenario(io.cucumber.testng.PickleWrapper,io.cucumber.testng.FeatureWrapper)[pri:0, instance:Runner.TestRunner@7aaca91a]" name="runScenario" class="io.cucumber.testng.AbstractTestNGCucumberTests"/>
      </group> <!-- cucumber -->
    </groups>
    <test started-at="2025-03-19T15:58:59 GMT-04:00" name="Default test" finished-at="2025-03-19T15:59:13 GMT-04:00" duration-ms="13962">
      <class name="Runner.TestRunner">
        <test-method is-config="true" signature="setUpClass(org.testng.ITestContext)[pri:0, instance:Runner.TestRunner@7aaca91a]" started-at="2025-03-19T15:58:59 GMT-04:00" name="setUpClass" finished-at="2025-03-19T15:59:04 GMT-04:00" duration-ms="4284" status="PASS">
          <params>
            <param index="0">
              <value>
                <![CDATA[org.testng.TestRunner@6f7c9755]]>
              </value>
            </param>
          </params>
          <reporter-output>
          </reporter-output>
        </test-method> <!-- setUpClass -->
        <test-method signature="runScenario(io.cucumber.testng.PickleWrapper,io.cucumber.testng.FeatureWrapper)[pri:0, instance:Runner.TestRunner@7aaca91a]" started-at="2025-03-19T15:59:04 GMT-04:00" name="runScenario" description="Runs Cucumber Scenarios" data-provider="scenarios" finished-at="2025-03-19T15:59:07 GMT-04:00" duration-ms="3261" status="PASS">
          <params>
            <param index="0">
              <value>
                <![CDATA["Verify that user is able to navigate to Data Structures - Introduction page"]]>
              </value>
            </param>
            <param index="1">
              <value>
                <![CDATA["Data Structures-Introduction"]]>
              </value>
            </param>
          </params>
          <reporter-output>
          </reporter-output>
        </test-method> <!-- runScenario -->
        <test-method signature="runScenario(io.cucumber.testng.PickleWrapper,io.cucumber.testng.FeatureWrapper)[pri:0, instance:Runner.TestRunner@7aaca91a]" started-at="2025-03-19T15:59:07 GMT-04:00" name="runScenario" description="Runs Cucumber Scenarios" data-provider="scenarios" finished-at="2025-03-19T15:59:08 GMT-04:00" duration-ms="615" status="PASS">
          <params>
            <param index="0">
              <value>
                <![CDATA["Verify that user is able to navigate to  Time Complexity page of DS Introduction page"]]>
              </value>
            </param>
            <param index="1">
              <value>
                <![CDATA["Data Structures-Introduction"]]>
              </value>
            </param>
          </params>
          <reporter-output>
          </reporter-output>
        </test-method> <!-- runScenario -->
        <test-method signature="runScenario(io.cucumber.testng.PickleWrapper,io.cucumber.testng.FeatureWrapper)[pri:0, instance:Runner.TestRunner@7aaca91a]" started-at="2025-03-19T15:59:08 GMT-04:00" name="runScenario" description="Runs Cucumber Scenarios" data-provider="scenarios" finished-at="2025-03-19T15:59:08 GMT-04:00" duration-ms="718" status="PASS">
          <params>
            <param index="0">
              <value>
                <![CDATA["Verify that user is able to navigate to Try Editor from Time Complexity page for DS Introduction page"]]>
              </value>
            </param>
            <param index="1">
              <value>
                <![CDATA["Data Structures-Introduction"]]>
              </value>
            </param>
          </params>
          <reporter-output>
          </reporter-output>
        </test-method> <!-- runScenario -->
        <test-method signature="runScenario(io.cucumber.testng.PickleWrapper,io.cucumber.testng.FeatureWrapper)[pri:0, instance:Runner.TestRunner@7aaca91a]" started-at="2025-03-19T15:59:08 GMT-04:00" name="runScenario" description="Runs Cucumber Scenarios" data-provider="scenarios" finished-at="2025-03-19T15:59:09 GMT-04:00" duration-ms="207" status="PASS">
          <params>
            <param index="0">
              <value>
                <![CDATA["Verify that user does not get any error message  when clicked on Run button without any code"]]>
              </value>
            </param>
            <param index="1">
              <value>
                <![CDATA["Data Structures-Introduction"]]>
              </value>
            </param>
          </params>
          <reporter-output>
          </reporter-output>
        </test-method> <!-- runScenario -->
        <test-method signature="runScenario(io.cucumber.testng.PickleWrapper,io.cucumber.testng.FeatureWrapper)[pri:0, instance:Runner.TestRunner@7aaca91a]" started-at="2025-03-19T15:59:09 GMT-04:00" name="runScenario" description="Runs Cucumber Scenarios" data-provider="scenarios" finished-at="2025-03-19T15:59:09 GMT-04:00" duration-ms="685" status="PASS">
          <params>
            <param index="0">
              <value>
                <![CDATA["Verify that user receives error message in the alert window for invalid python code"]]>
              </value>
            </param>
            <param index="1">
              <value>
                <![CDATA["Data Structures-Introduction"]]>
              </value>
            </param>
          </params>
          <reporter-output>
          </reporter-output>
        </test-method> <!-- runScenario -->
        <test-method signature="runScenario(io.cucumber.testng.PickleWrapper,io.cucumber.testng.FeatureWrapper)[pri:0, instance:Runner.TestRunner@7aaca91a]" started-at="2025-03-19T15:59:09 GMT-04:00" name="runScenario" description="Runs Cucumber Scenarios" data-provider="scenarios" finished-at="2025-03-19T15:59:10 GMT-04:00" duration-ms="756" status="PASS">
          <params>
            <param index="0">
              <value>
                <![CDATA["Verify that user is able to see output for valid python code"]]>
              </value>
            </param>
            <param index="1">
              <value>
                <![CDATA["Data Structures-Introduction"]]>
              </value>
            </param>
          </params>
          <reporter-output>
          </reporter-output>
        </test-method> <!-- runScenario -->
        <test-method signature="runScenario(io.cucumber.testng.PickleWrapper,io.cucumber.testng.FeatureWrapper)[pri:0, instance:Runner.TestRunner@7aaca91a]" started-at="2025-03-19T15:59:10 GMT-04:00" name="runScenario" description="Runs Cucumber Scenarios" data-provider="scenarios" finished-at="2025-03-19T15:59:10 GMT-04:00" duration-ms="231" status="FAIL">
          <params>
            <param index="0">
              <value>
                <![CDATA["Verify that user is able to navigate to Practice Questions page"]]>
              </value>
            </param>
            <param index="1">
              <value>
                <![CDATA["Data Structures-Introduction"]]>
              </value>
            </param>
          </params>
          <exception class="java.lang.AssertionError">
            <message>
              <![CDATA[expected [Assessment] but found [Practice Questions]]]>
            </message>
            <full-stacktrace>
              <![CDATA[java.lang.AssertionError: expected [Assessment] but found [Practice Questions]
at org.testng.Assert.fail(Assert.java:111)
at org.testng.Assert.failNotEquals(Assert.java:1578)
at org.testng.Assert.assertEqualsImpl(Assert.java:150)
at org.testng.Assert.assertEquals(Assert.java:132)
at org.testng.Assert.assertEquals(Assert.java:656)
at org.testng.Assert.assertEquals(Assert.java:666)
at StepDefinitions.Step_DataStructurePage.the_user_should_be_redirected_to_practice_questions_page_of_ds(Step_DataStructurePage.java:199)
at âœ½.The user should be redirected to Practice Questions page  of DS(file:///C:/Users/Lavanya%20Yelakala/eclipse-workspace/DSAlgo_TeamAchievers/src/test/resources/features/UC04_dataStructureIntro.feature:52)
]]>
            </full-stacktrace>
          </exception> <!-- java.lang.AssertionError -->
          <reporter-output>
          </reporter-output>
        </test-method> <!-- runScenario -->
        <test-method is-config="true" signature="tearDownClass()[pri:0, instance:Runner.TestRunner@7aaca91a]" started-at="2025-03-19T15:59:10 GMT-04:00" name="tearDownClass" finished-at="2025-03-19T15:59:13 GMT-04:00" duration-ms="3150" status="PASS">
          <reporter-output>
          </reporter-output>
        </test-method> <!-- tearDownClass -->
      </class> <!-- Runner.TestRunner -->
    </test> <!-- Default test -->
  </suite> <!-- Default suite -->
</testng-results>
