<?xml version="1.0" encoding="UTF-8"?>
<!-- Generated by org.testng.reporters.JUnitReportReporter -->
<testsuite hostname="LAPTOP-16NA0FI5" failures="0" tests="41" name="Runner.TestRunner" time="2.144" errors="38" timestamp="2025-01-18T21:15:23 GMT-05:00" skipped="0">
  <testcase classname="Runner.TestRunner" name="runScenario" time="0.007">
    <error message="Cannot invoke &quot;org.openqa.selenium.WebDriver.findElement(org.openqa.selenium.By)&quot; because &quot;this.driver&quot; is null" type="java.lang.NullPointerException">
      <![CDATA[java.lang.NullPointerException: Cannot invoke "org.openqa.selenium.WebDriver.findElement(org.openqa.selenium.By)" because "this.driver" is null
at PageObjectModel.IntroductionPagePom.clickDropdownToggle(IntroductionPagePom.java:63)
at StepDefinitions.Step_HomePage.the_user_clicks_data_structures_drop_down(Step_HomePage.java:106)
at ✽.The user clicks Data Structures drop down(file:///C:/Users/Lavanya%20Yelakala/eclipse-workspace/DSAlgo_TeamAchievers/src/test/resources/features/UC01_homePage.feature:28)
]]>
    </error>
  </testcase> <!-- runScenario -->
  <testcase classname="Runner.TestRunner" name="runScenario" time="0.009">
    <error message="Cannot invoke &quot;org.openqa.selenium.WebDriver.get(String)&quot; because &quot;this.driver&quot; is null" type="java.lang.NullPointerException">
      <![CDATA[java.lang.NullPointerException: Cannot invoke "org.openqa.selenium.WebDriver.get(String)" because "this.driver" is null
at PageObjectModel.RegisterPom.openURL(RegisterPom.java:49)
at StepDefinitions.Step_RegisterPage.the_user_is_on_the_new_user_registration_page(Step_RegisterPage.java:27)
at ✽.The user is on the new user registration page(file:///C:/Users/Lavanya%20Yelakala/eclipse-workspace/DSAlgo_TeamAchievers/src/test/resources/features/UC02_registerPage.feature:5)
]]>
    </error>
  </testcase> <!-- runScenario -->
  <testcase classname="Runner.TestRunner" name="runScenario" time="0.005">
    <error message="Cannot invoke &quot;org.openqa.selenium.WebDriver.get(String)&quot; because &quot;this.driver&quot; is null" type="java.lang.NullPointerException">
      <![CDATA[java.lang.NullPointerException: Cannot invoke "org.openqa.selenium.WebDriver.get(String)" because "this.driver" is null
at PageObjectModel.RegisterPom.openURL(RegisterPom.java:49)
at StepDefinitions.Step_RegisterPage.the_user_is_on_the_new_user_registration_page(Step_RegisterPage.java:27)
at ✽.The user is on the new user registration page(file:///C:/Users/Lavanya%20Yelakala/eclipse-workspace/DSAlgo_TeamAchievers/src/test/resources/features/UC02_registerPage.feature:5)
]]>
    </error>
  </testcase> <!-- runScenario -->
  <testcase classname="Runner.TestRunner" name="runScenario" time="0.004">
    <error message="Cannot invoke &quot;org.openqa.selenium.WebDriver.getTitle()&quot; because &quot;this.driver&quot; is null" type="java.lang.NullPointerException">
      <![CDATA[java.lang.NullPointerException: Cannot invoke "org.openqa.selenium.WebDriver.getTitle()" because "this.driver" is null
at StepDefinitions.Step_DataStructurePage.the_user_is_on_the_time_complexity_page_of_ds_introduction_page(Step_DataStructurePage.java:95)
at ✽.The user is on the Time Complexity Page of DS Introduction page(file:///C:/Users/Lavanya%20Yelakala/eclipse-workspace/DSAlgo_TeamAchievers/src/test/resources/features/UC04_dataStructureIntro.feature:17)
]]>
    </error>
  </testcase> <!-- runScenario -->
  <testcase classname="Runner.TestRunner" name="runScenario" time="0.005">
    <error message="Cannot invoke &quot;org.openqa.selenium.WebDriver.get(String)&quot; because &quot;this.driver&quot; is null" type="java.lang.NullPointerException">
      <![CDATA[java.lang.NullPointerException: Cannot invoke "org.openqa.selenium.WebDriver.get(String)" because "this.driver" is null
at PageObjectModel.RegisterPom.openURL(RegisterPom.java:49)
at StepDefinitions.Step_RegisterPage.the_user_is_on_the_new_user_registration_page(Step_RegisterPage.java:27)
at ✽.The user is on the new user registration page(file:///C:/Users/Lavanya%20Yelakala/eclipse-workspace/DSAlgo_TeamAchievers/src/test/resources/features/UC02_registerPage.feature:5)
]]>
    </error>
  </testcase> <!-- runScenario -->
  <testcase classname="Runner.TestRunner" name="runScenario" time="0.006">
    <error message="Cannot invoke &quot;org.openqa.selenium.WebDriver.get(String)&quot; because &quot;this.driver&quot; is null" type="java.lang.NullPointerException">
      <![CDATA[java.lang.NullPointerException: Cannot invoke "org.openqa.selenium.WebDriver.get(String)" because "this.driver" is null
at PageObjectModel.RegisterPom.openURL(RegisterPom.java:49)
at StepDefinitions.Step_RegisterPage.the_user_is_on_the_new_user_registration_page(Step_RegisterPage.java:27)
at ✽.The user is on the new user registration page(file:///C:/Users/Lavanya%20Yelakala/eclipse-workspace/DSAlgo_TeamAchievers/src/test/resources/features/UC02_registerPage.feature:5)
]]>
    </error>
  </testcase> <!-- runScenario -->
  <testcase classname="Runner.TestRunner" name="runScenario" time="0.006">
    <error message="Cannot invoke &quot;org.openqa.selenium.WebDriver.get(String)&quot; because &quot;this.driver&quot; is null" type="java.lang.NullPointerException">
      <![CDATA[java.lang.NullPointerException: Cannot invoke "org.openqa.selenium.WebDriver.get(String)" because "this.driver" is null
at PageObjectModel.RegisterPom.openURL(RegisterPom.java:49)
at StepDefinitions.Step_RegisterPage.the_user_is_on_the_new_user_registration_page(Step_RegisterPage.java:27)
at ✽.The user is on the new user registration page(file:///C:/Users/Lavanya%20Yelakala/eclipse-workspace/DSAlgo_TeamAchievers/src/test/resources/features/UC02_registerPage.feature:5)
]]>
    </error>
  </testcase> <!-- runScenario -->
  <testcase classname="Runner.TestRunner" name="runScenario" time="0.007">
    <error message="Cannot invoke &quot;org.openqa.selenium.WebDriver.findElement(org.openqa.selenium.By)&quot; because &quot;this.driver&quot; is null" type="java.lang.NullPointerException">
      <![CDATA[java.lang.NullPointerException: Cannot invoke "org.openqa.selenium.WebDriver.findElement(org.openqa.selenium.By)" because "this.driver" is null
at PageObjectModel.IntroductionPagePom.clickDropdownToggle(IntroductionPagePom.java:63)
at StepDefinitions.Step_HomePage.the_user_clicks_data_structures_drop_down(Step_HomePage.java:106)
at ✽.The user clicks Data Structures drop down(file:///C:/Users/Lavanya%20Yelakala/eclipse-workspace/DSAlgo_TeamAchievers/src/test/resources/features/UC01_homePage.feature:38)
]]>
    </error>
  </testcase> <!-- runScenario -->
  <testcase classname="Runner.TestRunner" name="runScenario" time="0.003"/>
  <testcase classname="Runner.TestRunner" name="runScenario" time="0.008">
    <error message="Cannot invoke &quot;org.openqa.selenium.WebDriver.get(String)&quot; because &quot;this.driver&quot; is null" type="java.lang.NullPointerException">
      <![CDATA[java.lang.NullPointerException: Cannot invoke "org.openqa.selenium.WebDriver.get(String)" because "this.driver" is null
at PageObjectModel.RegisterPom.openURL(RegisterPom.java:49)
at StepDefinitions.Step_RegisterPage.the_user_is_on_the_new_user_registration_page(Step_RegisterPage.java:27)
at ✽.The user is on the new user registration page(file:///C:/Users/Lavanya%20Yelakala/eclipse-workspace/DSAlgo_TeamAchievers/src/test/resources/features/UC02_registerPage.feature:5)
]]>
    </error>
  </testcase> <!-- runScenario -->
  <testcase classname="Runner.TestRunner" name="runScenario" time="0.009"/>
  <testcase classname="Runner.TestRunner" name="runScenario" time="0.016">
    <error message="Cannot invoke &quot;org.openqa.selenium.WebDriver.findElement(org.openqa.selenium.By)&quot; because &quot;driver&quot; is null" type="java.lang.NullPointerException">
      <![CDATA[java.lang.NullPointerException: Cannot invoke "org.openqa.selenium.WebDriver.findElement(org.openqa.selenium.By)" because "driver" is null
at org.openqa.selenium.support.ui.ExpectedConditions$7.apply(ExpectedConditions.java:194)
at org.openqa.selenium.support.ui.ExpectedConditions$7.apply(ExpectedConditions.java:190)
at org.openqa.selenium.support.ui.ExpectedConditions$22.apply(ExpectedConditions.java:627)
at org.openqa.selenium.support.ui.ExpectedConditions$22.apply(ExpectedConditions.java:624)
at org.openqa.selenium.support.ui.FluentWait.until(FluentWait.java:203)
at PageObjectModel.HomePom.linkClickable(HomePom.java:50)
at StepDefinitions.Step_HomePage.the_user_should_land_in_data_structure_introduction_page_with_register_and_sign_in_links(Step_HomePage.java:53)
at ✽.The user should land in Data Structure Introduction Page with register and Sign in links(file:///C:/Users/Lavanya%20Yelakala/eclipse-workspace/DSAlgo_TeamAchievers/src/test/resources/features/UC01_homePage.feature:48)
]]>
    </error>
  </testcase> <!-- runScenario -->
  <testcase classname="Runner.TestRunner" name="runScenario" time="0.010">
    <error message="Cannot invoke &quot;org.openqa.selenium.WebDriver.findElement(org.openqa.selenium.By)&quot; because &quot;this.driver&quot; is null" type="java.lang.NullPointerException">
      <![CDATA[java.lang.NullPointerException: Cannot invoke "org.openqa.selenium.WebDriver.findElement(org.openqa.selenium.By)" because "this.driver" is null
at PageObjectModel.IntroductionPagePom.clickDropdownToggle(IntroductionPagePom.java:63)
at StepDefinitions.Step_HomePage.the_user_clicks_data_structures_drop_down(Step_HomePage.java:106)
at ✽.The user clicks Data Structures drop down(file:///C:/Users/Lavanya%20Yelakala/eclipse-workspace/DSAlgo_TeamAchievers/src/test/resources/features/UC01_homePage.feature:43)
]]>
    </error>
  </testcase> <!-- runScenario -->
  <testcase classname="Runner.TestRunner" name="runScenario" time="0.005">
    <error message="Cannot invoke &quot;org.openqa.selenium.WebDriver.findElement(org.openqa.selenium.By)&quot; because &quot;driver&quot; is null" type="java.lang.NullPointerException">
      <![CDATA[java.lang.NullPointerException: Cannot invoke "org.openqa.selenium.WebDriver.findElement(org.openqa.selenium.By)" because "driver" is null
at org.openqa.selenium.support.ui.ExpectedConditions$7.apply(ExpectedConditions.java:194)
at org.openqa.selenium.support.ui.ExpectedConditions$7.apply(ExpectedConditions.java:190)
at org.openqa.selenium.support.ui.ExpectedConditions$22.apply(ExpectedConditions.java:627)
at org.openqa.selenium.support.ui.ExpectedConditions$22.apply(ExpectedConditions.java:624)
at org.openqa.selenium.support.ui.FluentWait.until(FluentWait.java:203)
at PageObjectModel.HomePom.linkClickable(HomePom.java:50)
at StepDefinitions.Step_HomePage.the_user_should_land_in_data_structure_introduction_page_with_register_and_sign_in_links(Step_HomePage.java:53)
at ✽.The user should land in Data Structure Introduction Page with register and Sign in links(file:///C:/Users/Lavanya%20Yelakala/eclipse-workspace/DSAlgo_TeamAchievers/src/test/resources/features/UC01_homePage.feature:63)
]]>
    </error>
  </testcase> <!-- runScenario -->
  <testcase classname="Runner.TestRunner" name="runScenario" time="0.005">
    <error message="Cannot invoke &quot;org.openqa.selenium.WebDriver.get(String)&quot; because &quot;this.driver&quot; is null" type="java.lang.NullPointerException">
      <![CDATA[java.lang.NullPointerException: Cannot invoke "org.openqa.selenium.WebDriver.get(String)" because "this.driver" is null
at PageObjectModel.HomePom.openDSIntroductionUrl(HomePom.java:40)
at StepDefinitions.Step_DataStructurePage.the_user_is_on_the_data_structure_introduction_page_of_ds_algo_portal_after_sign_in(Step_DataStructurePage.java:75)
at ✽.The user is on the Data Structure introduction Page of ds algo portal after sign in(file:///C:/Users/Lavanya%20Yelakala/eclipse-workspace/DSAlgo_TeamAchievers/src/test/resources/features/UC04_dataStructureIntro.feature:11)
]]>
    </error>
  </testcase> <!-- runScenario -->
  <testcase classname="Runner.TestRunner" name="runScenario" time="0.011">
    <error message="Cannot invoke &quot;org.openqa.selenium.WebDriver.findElement(org.openqa.selenium.By)&quot; because &quot;driver&quot; is null" type="java.lang.NullPointerException">
      <![CDATA[java.lang.NullPointerException: Cannot invoke "org.openqa.selenium.WebDriver.findElement(org.openqa.selenium.By)" because "driver" is null
at org.openqa.selenium.support.ui.ExpectedConditions$7.apply(ExpectedConditions.java:194)
at org.openqa.selenium.support.ui.ExpectedConditions$7.apply(ExpectedConditions.java:190)
at org.openqa.selenium.support.ui.ExpectedConditions$22.apply(ExpectedConditions.java:627)
at org.openqa.selenium.support.ui.ExpectedConditions$22.apply(ExpectedConditions.java:624)
at org.openqa.selenium.support.ui.FluentWait.until(FluentWait.java:203)
at PageObjectModel.HomePom.linkClickable(HomePom.java:50)
at StepDefinitions.Step_HomePage.the_user_should_land_in_data_structure_introduction_page_with_register_and_sign_in_links(Step_HomePage.java:53)
at ✽.The user should land in Data Structure Introduction Page with register and Sign in links(file:///C:/Users/Lavanya%20Yelakala/eclipse-workspace/DSAlgo_TeamAchievers/src/test/resources/features/UC01_homePage.feature:58)
]]>
    </error>
  </testcase> <!-- runScenario -->
  <testcase classname="Runner.TestRunner" name="runScenario" time="0.008">
    <error message="Cannot invoke &quot;org.openqa.selenium.WebDriver.findElement(org.openqa.selenium.By)&quot; because &quot;driver&quot; is null" type="java.lang.NullPointerException">
      <![CDATA[java.lang.NullPointerException: Cannot invoke "org.openqa.selenium.WebDriver.findElement(org.openqa.selenium.By)" because "driver" is null
at org.openqa.selenium.support.ui.ExpectedConditions$7.apply(ExpectedConditions.java:194)
at org.openqa.selenium.support.ui.ExpectedConditions$7.apply(ExpectedConditions.java:190)
at org.openqa.selenium.support.ui.ExpectedConditions$22.apply(ExpectedConditions.java:627)
at org.openqa.selenium.support.ui.ExpectedConditions$22.apply(ExpectedConditions.java:624)
at org.openqa.selenium.support.ui.FluentWait.until(FluentWait.java:203)
at PageObjectModel.HomePom.linkClickable(HomePom.java:50)
at StepDefinitions.Step_HomePage.the_user_should_land_in_data_structure_introduction_page_with_register_and_sign_in_links(Step_HomePage.java:53)
at ✽.The user should land in Data Structure Introduction Page with register and Sign in links(file:///C:/Users/Lavanya%20Yelakala/eclipse-workspace/DSAlgo_TeamAchievers/src/test/resources/features/UC01_homePage.feature:78)
]]>
    </error>
  </testcase> <!-- runScenario -->
  <testcase classname="Runner.TestRunner" name="runScenario" time="0.005">
    <error message="Cannot invoke &quot;org.openqa.selenium.WebDriver.getTitle()&quot; because &quot;this.driver&quot; is null" type="java.lang.NullPointerException">
      <![CDATA[java.lang.NullPointerException: Cannot invoke "org.openqa.selenium.WebDriver.getTitle()" because "this.driver" is null
at PageObjectModel.IntroductionPagePom.getPageTitle(IntroductionPagePom.java:208)
at StepDefinitions.Step_DataStructurePage.the_user_is_in_the_try_editor_page_of_time_complexity_page(Step_DataStructurePage.java:120)
at ✽.The user is in the tryEditor page of Time Complexity page(file:///C:/Users/Lavanya%20Yelakala/eclipse-workspace/DSAlgo_TeamAchievers/src/test/resources/features/UC04_dataStructureIntro.feature:29)
]]>
    </error>
  </testcase> <!-- runScenario -->
  <testcase classname="Runner.TestRunner" name="runScenario" time="0.015">
    <error message="Cannot invoke &quot;org.openqa.selenium.WebDriver.findElement(org.openqa.selenium.By)&quot; because &quot;this.driver&quot; is null" type="java.lang.NullPointerException">
      <![CDATA[java.lang.NullPointerException: Cannot invoke "org.openqa.selenium.WebDriver.findElement(org.openqa.selenium.By)" because "this.driver" is null
at PageObjectModel.IntroductionPagePom.clickDropdownItemArray(IntroductionPagePom.java:69)
at StepDefinitions.Step_HomePage.the_user_selects_arrays_from_the_drop_down_without_sign_in(Step_HomePage.java:90)
at ✽.The user selects Arrays from the drop down without Sign in(file:///C:/Users/Lavanya%20Yelakala/eclipse-workspace/DSAlgo_TeamAchievers/src/test/resources/features/UC01_homePage.feature:19)
]]>
    </error>
  </testcase> <!-- runScenario -->
  <testcase classname="Runner.TestRunner" name="runScenario" time="0.015">
    <error message="Cannot invoke &quot;org.openqa.selenium.WebDriver.findElement(org.openqa.selenium.By)&quot; because &quot;this.driver&quot; is null" type="java.lang.NullPointerException">
      <![CDATA[java.lang.NullPointerException: Cannot invoke "org.openqa.selenium.WebDriver.findElement(org.openqa.selenium.By)" because "this.driver" is null
at PageObjectModel.IntroductionPagePom.clickDropdownToggle(IntroductionPagePom.java:63)
at StepDefinitions.Step_HomePage.the_user_clicks_data_structures_drop_down(Step_HomePage.java:106)
at ✽.The user clicks Data Structures drop down(file:///C:/Users/Lavanya%20Yelakala/eclipse-workspace/DSAlgo_TeamAchievers/src/test/resources/features/UC01_homePage.feature:33)
]]>
    </error>
  </testcase> <!-- runScenario -->
  <testcase classname="Runner.TestRunner" name="runScenario" time="0.011">
    <error message="Cannot invoke &quot;org.openqa.selenium.WebDriver.findElement(org.openqa.selenium.By)&quot; because &quot;driver&quot; is null" type="java.lang.NullPointerException">
      <![CDATA[java.lang.NullPointerException: Cannot invoke "org.openqa.selenium.WebDriver.findElement(org.openqa.selenium.By)" because "driver" is null
at org.openqa.selenium.support.ui.ExpectedConditions$7.apply(ExpectedConditions.java:194)
at org.openqa.selenium.support.ui.ExpectedConditions$7.apply(ExpectedConditions.java:190)
at org.openqa.selenium.support.ui.ExpectedConditions$22.apply(ExpectedConditions.java:627)
at org.openqa.selenium.support.ui.ExpectedConditions$22.apply(ExpectedConditions.java:624)
at org.openqa.selenium.support.ui.FluentWait.until(FluentWait.java:203)
at PageObjectModel.HomePom.linkClickable(HomePom.java:50)
at StepDefinitions.Step_HomePage.the_user_should_land_in_data_structure_introduction_page_with_register_and_sign_in_links(Step_HomePage.java:53)
at ✽.The user should land in Data Structure Introduction Page with register and Sign in links(file:///C:/Users/Lavanya%20Yelakala/eclipse-workspace/DSAlgo_TeamAchievers/src/test/resources/features/UC01_homePage.feature:53)
]]>
    </error>
  </testcase> <!-- runScenario -->
  <testcase classname="Runner.TestRunner" name="runScenario" time="0.011">
    <error message="Cannot invoke &quot;org.openqa.selenium.WebDriver.get(String)&quot; because &quot;this.driver&quot; is null" type="java.lang.NullPointerException">
      <![CDATA[java.lang.NullPointerException: Cannot invoke "org.openqa.selenium.WebDriver.get(String)" because "this.driver" is null
at PageObjectModel.HomePom.openURL(HomePom.java:28)
at StepDefinitions.Step_LoginPage.the_user_is_on_the_ds_algo_sign_in_page(Step_LoginPage.java:28)
at ✽.The user is on the DS Algo Sign in Page(file:///C:/Users/Lavanya%20Yelakala/eclipse-workspace/DSAlgo_TeamAchievers/src/test/resources/features/UC03_loginPage.feature:5)
]]>
    </error>
  </testcase> <!-- runScenario -->
  <testcase classname="Runner.TestRunner" name="runScenario" time="0.057">
    <error message="Cannot invoke &quot;org.openqa.selenium.WebDriver.findElement(org.openqa.selenium.By)&quot; because &quot;this.driver&quot; is null" type="java.lang.NullPointerException">
      <![CDATA[java.lang.NullPointerException: Cannot invoke "org.openqa.selenium.WebDriver.findElement(org.openqa.selenium.By)" because "this.driver" is null
at PageObjectModel.LoginPom.enterUsernameTxt(LoginPom.java:43)
at PageObjectModel.LoginPom.enterLoginFormFields(LoginPom.java:76)
at StepDefinitions.Step_LoginPage.the_user_clicks_login_button_after_entering_valid_username_and_invalid_password_from_and_row(Step_LoginPage.java:91)
at ✽.The user clicks login button after entering valid username and invalid password from "login" and row 5(file:///C:/Users/Lavanya%20Yelakala/eclipse-workspace/DSAlgo_TeamAchievers/src/test/resources/features/UC03_loginPage.feature:46)
]]>
    </error>
  </testcase> <!-- runScenario -->
  <testcase classname="Runner.TestRunner" name="runScenario" time="0.015">
    <error message="Cannot invoke &quot;org.openqa.selenium.WebDriver.get(String)&quot; because &quot;this.driver&quot; is null" type="java.lang.NullPointerException">
      <![CDATA[java.lang.NullPointerException: Cannot invoke "org.openqa.selenium.WebDriver.get(String)" because "this.driver" is null
at PageObjectModel.RegisterPom.openURL(RegisterPom.java:49)
at StepDefinitions.Step_RegisterPage.the_user_is_on_the_new_user_registration_page(Step_RegisterPage.java:27)
at ✽.The user is on the new user registration page(file:///C:/Users/Lavanya%20Yelakala/eclipse-workspace/DSAlgo_TeamAchievers/src/test/resources/features/UC02_registerPage.feature:5)
]]>
    </error>
  </testcase> <!-- runScenario -->
  <testcase classname="Runner.TestRunner" name="runScenario" time="0.007">
    <error message="Cannot invoke &quot;org.openqa.selenium.WebDriver.get(String)&quot; because &quot;this.driver&quot; is null" type="java.lang.NullPointerException">
      <![CDATA[java.lang.NullPointerException: Cannot invoke "org.openqa.selenium.WebDriver.get(String)" because "this.driver" is null
at PageObjectModel.RegisterPom.openURL(RegisterPom.java:49)
at StepDefinitions.Step_RegisterPage.the_user_is_on_the_new_user_registration_page(Step_RegisterPage.java:27)
at ✽.The user is on the new user registration page(file:///C:/Users/Lavanya%20Yelakala/eclipse-workspace/DSAlgo_TeamAchievers/src/test/resources/features/UC02_registerPage.feature:5)
]]>
    </error>
  </testcase> <!-- runScenario -->
  <testcase classname="Runner.TestRunner" name="runScenario" time="0.005">
    <error message="Cannot invoke &quot;org.openqa.selenium.WebDriver.findElement(org.openqa.selenium.By)&quot; because &quot;driver&quot; is null" type="java.lang.NullPointerException">
      <![CDATA[java.lang.NullPointerException: Cannot invoke "org.openqa.selenium.WebDriver.findElement(org.openqa.selenium.By)" because "driver" is null
at org.openqa.selenium.support.ui.ExpectedConditions$7.apply(ExpectedConditions.java:194)
at org.openqa.selenium.support.ui.ExpectedConditions$7.apply(ExpectedConditions.java:190)
at org.openqa.selenium.support.ui.ExpectedConditions$22.apply(ExpectedConditions.java:627)
at org.openqa.selenium.support.ui.ExpectedConditions$22.apply(ExpectedConditions.java:624)
at org.openqa.selenium.support.ui.FluentWait.until(FluentWait.java:203)
at PageObjectModel.HomePom.linkClickable(HomePom.java:50)
at StepDefinitions.Step_HomePage.the_user_should_land_in_data_structure_introduction_page_with_register_and_sign_in_links(Step_HomePage.java:53)
at ✽.The user should land in Data Structure Introduction Page with register and Sign in links(file:///C:/Users/Lavanya%20Yelakala/eclipse-workspace/DSAlgo_TeamAchievers/src/test/resources/features/UC01_homePage.feature:73)
]]>
    </error>
  </testcase> <!-- runScenario -->
  <testcase classname="Runner.TestRunner" name="runScenario" time="0.017">
    <error message="Cannot invoke &quot;org.openqa.selenium.WebDriver.findElement(org.openqa.selenium.By)&quot; because &quot;this.driver&quot; is null" type="java.lang.NullPointerException">
      <![CDATA[java.lang.NullPointerException: Cannot invoke "org.openqa.selenium.WebDriver.findElement(org.openqa.selenium.By)" because "this.driver" is null
at PageObjectModel.IntroductionPagePom.clickDropdownToggle(IntroductionPagePom.java:63)
at StepDefinitions.Step_HomePage.the_user_clicks_the_data_structures_dropdown(Step_HomePage.java:69)
at ✽.The user clicks the Data Structures dropdown(file:///C:/Users/Lavanya%20Yelakala/eclipse-workspace/DSAlgo_TeamAchievers/src/test/resources/features/UC01_homePage.feature:15)
]]>
    </error>
  </testcase> <!-- runScenario -->
  <testcase classname="Runner.TestRunner" name="runScenario" time="0.012">
    <error message="Cannot invoke &quot;org.openqa.selenium.WebDriver.findElement(org.openqa.selenium.By)&quot; because &quot;this.driver&quot; is null" type="java.lang.NullPointerException">
      <![CDATA[java.lang.NullPointerException: Cannot invoke "org.openqa.selenium.WebDriver.findElement(org.openqa.selenium.By)" because "this.driver" is null
at PageObjectModel.IntroductionPagePom.clickDropdownToggle(IntroductionPagePom.java:63)
at StepDefinitions.Step_HomePage.the_user_clicks_data_structures_drop_down(Step_HomePage.java:106)
at ✽.The user clicks Data Structures drop down(file:///C:/Users/Lavanya%20Yelakala/eclipse-workspace/DSAlgo_TeamAchievers/src/test/resources/features/UC01_homePage.feature:23)
]]>
    </error>
  </testcase> <!-- runScenario -->
  <testcase classname="Runner.TestRunner" name="runScenario" time="1.437">
    <error message="Cannot invoke &quot;org.openqa.selenium.WebDriver.findElement(org.openqa.selenium.By)&quot; because &quot;this.driver&quot; is null" type="java.lang.NullPointerException">
      <![CDATA[java.lang.NullPointerException: Cannot invoke "org.openqa.selenium.WebDriver.findElement(org.openqa.selenium.By)" because "this.driver" is null
at PageObjectModel.LoginPom.enterUsernameTxt(LoginPom.java:43)
at PageObjectModel.LoginPom.enterLoginFormFields(LoginPom.java:76)
at StepDefinitions.Step_LoginPage.the_user_clicks_login_button_after_entering_the_password_only_from_sheetname_and_row(Step_LoginPage.java:49)
at ✽.The user clicks login button after entering the Password only from sheetname "login" and row 1(file:///C:/Users/Lavanya%20Yelakala/eclipse-workspace/DSAlgo_TeamAchievers/src/test/resources/features/UC03_loginPage.feature:14)
]]>
    </error>
  </testcase> <!-- runScenario -->
  <testcase classname="Runner.TestRunner" name="runScenario" time="0.060">
    <error message="Cannot invoke &quot;org.openqa.selenium.WebDriver.findElement(org.openqa.selenium.By)&quot; because &quot;this.driver&quot; is null" type="java.lang.NullPointerException">
      <![CDATA[java.lang.NullPointerException: Cannot invoke "org.openqa.selenium.WebDriver.findElement(org.openqa.selenium.By)" because "this.driver" is null
at PageObjectModel.LoginPom.enterUsernameTxt(LoginPom.java:43)
at PageObjectModel.LoginPom.enterLoginFormFields(LoginPom.java:76)
at StepDefinitions.Step_LoginPage.the_user_clicks_login_button_after_entering_invalid_username_and_invalid_password_from_sheetname_and_row(Step_LoginPage.java:71)
at ✽.The user clicks login button after entering invalid username and invalid password from sheetname "login" and row 3(file:///C:/Users/Lavanya%20Yelakala/eclipse-workspace/DSAlgo_TeamAchievers/src/test/resources/features/UC03_loginPage.feature:30)
]]>
    </error>
  </testcase> <!-- runScenario -->
  <testcase classname="Runner.TestRunner" name="runScenario" time="0.007">
    <error message="Cannot invoke &quot;org.openqa.selenium.WebDriver.get(String)&quot; because &quot;this.driver&quot; is null" type="java.lang.NullPointerException">
      <![CDATA[java.lang.NullPointerException: Cannot invoke "org.openqa.selenium.WebDriver.get(String)" because "this.driver" is null
at PageObjectModel.RegisterPom.openURL(RegisterPom.java:49)
at StepDefinitions.Step_RegisterPage.the_user_is_on_the_new_user_registration_page(Step_RegisterPage.java:27)
at ✽.The user is on the new user registration page(file:///C:/Users/Lavanya%20Yelakala/eclipse-workspace/DSAlgo_TeamAchievers/src/test/resources/features/UC02_registerPage.feature:5)
]]>
    </error>
  </testcase> <!-- runScenario -->
  <testcase classname="Runner.TestRunner" name="runScenario" time="0.005">
    <error message="Cannot invoke &quot;org.openqa.selenium.WebDriver.getTitle()&quot; because &quot;this.driver&quot; is null" type="java.lang.NullPointerException">
      <![CDATA[java.lang.NullPointerException: Cannot invoke "org.openqa.selenium.WebDriver.getTitle()" because "this.driver" is null
at PageObjectModel.IntroductionPagePom.getPageTitle(IntroductionPagePom.java:208)
at StepDefinitions.Step_DataStructurePage.the_user_is_in_the_try_editor_page_of_time_complexity_page(Step_DataStructurePage.java:120)
at ✽.The user is in the tryEditor page of Time Complexity page(file:///C:/Users/Lavanya%20Yelakala/eclipse-workspace/DSAlgo_TeamAchievers/src/test/resources/features/UC04_dataStructureIntro.feature:23)
]]>
    </error>
  </testcase> <!-- runScenario -->
  <testcase classname="Runner.TestRunner" name="runScenario" time="0.006">
    <error message="Cannot invoke &quot;org.openqa.selenium.WebDriver.get(String)&quot; because &quot;this.driver&quot; is null" type="java.lang.NullPointerException">
      <![CDATA[java.lang.NullPointerException: Cannot invoke "org.openqa.selenium.WebDriver.get(String)" because "this.driver" is null
at PageObjectModel.RegisterPom.openURL(RegisterPom.java:49)
at StepDefinitions.Step_RegisterPage.the_user_is_on_the_new_user_registration_page(Step_RegisterPage.java:27)
at ✽.The user is on the new user registration page(file:///C:/Users/Lavanya%20Yelakala/eclipse-workspace/DSAlgo_TeamAchievers/src/test/resources/features/UC02_registerPage.feature:5)
]]>
    </error>
  </testcase> <!-- runScenario -->
  <testcase classname="Runner.TestRunner" name="runScenario" time="0.063">
    <error message="Cannot invoke &quot;org.openqa.selenium.WebDriver.findElement(org.openqa.selenium.By)&quot; because &quot;this.driver&quot; is null" type="java.lang.NullPointerException">
      <![CDATA[java.lang.NullPointerException: Cannot invoke "org.openqa.selenium.WebDriver.findElement(org.openqa.selenium.By)" because "this.driver" is null
at PageObjectModel.LoginPom.enterUsernameTxt(LoginPom.java:43)
at PageObjectModel.LoginPom.enterLoginFormFields(LoginPom.java:76)
at StepDefinitions.Step_LoginPage.the_user_clicks_login_button_after_entering_the_username_and_leaves_password_textbox_empty_from_sheetname_and_row(Step_LoginPage.java:56)
at ✽.The user clicks login button after entering the Username and leaves Password textbox empty from sheetname "login" and row 2(file:///C:/Users/Lavanya%20Yelakala/eclipse-workspace/DSAlgo_TeamAchievers/src/test/resources/features/UC03_loginPage.feature:22)
]]>
    </error>
  </testcase> <!-- runScenario -->
  <testcase classname="Runner.TestRunner" name="runScenario" time="0.005"/>
  <testcase classname="Runner.TestRunner" name="runScenario" time="0.009">
    <error message="Cannot invoke &quot;org.openqa.selenium.WebDriver.findElement(org.openqa.selenium.By)&quot; because &quot;driver&quot; is null" type="java.lang.NullPointerException">
      <![CDATA[java.lang.NullPointerException: Cannot invoke "org.openqa.selenium.WebDriver.findElement(org.openqa.selenium.By)" because "driver" is null
at org.openqa.selenium.support.ui.ExpectedConditions$7.apply(ExpectedConditions.java:194)
at org.openqa.selenium.support.ui.ExpectedConditions$7.apply(ExpectedConditions.java:190)
at org.openqa.selenium.support.ui.ExpectedConditions$22.apply(ExpectedConditions.java:627)
at org.openqa.selenium.support.ui.ExpectedConditions$22.apply(ExpectedConditions.java:624)
at org.openqa.selenium.support.ui.FluentWait.until(FluentWait.java:203)
at PageObjectModel.HomePom.linkClickable(HomePom.java:50)
at StepDefinitions.Step_HomePage.the_user_should_land_in_data_structure_introduction_page_with_register_and_sign_in_links(Step_HomePage.java:53)
at ✽.The user should land in Data Structure Introduction Page with register and Sign in links(file:///C:/Users/Lavanya%20Yelakala/eclipse-workspace/DSAlgo_TeamAchievers/src/test/resources/features/UC01_homePage.feature:68)
]]>
    </error>
  </testcase> <!-- runScenario -->
  <testcase classname="Runner.TestRunner" name="runScenario" time="0.156">
    <error message="Cannot invoke &quot;org.openqa.selenium.WebDriver.get(String)&quot; because &quot;this.driver&quot; is null" type="java.lang.NullPointerException">
      <![CDATA[java.lang.NullPointerException: Cannot invoke "org.openqa.selenium.WebDriver.get(String)" because "this.driver" is null
at PageObjectModel.HomePom.openURL(HomePom.java:28)
at StepDefinitions.Step_HomePage.the_user_enter_correct_ds_algo_portal_url_url(Step_HomePage.java:29)
at ✽.The user enter correct dsAlgo portal URL <URL>(file:///C:/Users/Lavanya%20Yelakala/eclipse-workspace/DSAlgo_TeamAchievers/src/test/resources/features/UC01_homePage.feature:6)
]]>
    </error>
  </testcase> <!-- runScenario -->
  <testcase classname="Runner.TestRunner" name="runScenario" time="0.034">
    <error message="Cannot invoke &quot;org.openqa.selenium.WebDriver.findElement(org.openqa.selenium.By)&quot; because &quot;this.driver&quot; is null" type="java.lang.NullPointerException">
      <![CDATA[java.lang.NullPointerException: Cannot invoke "org.openqa.selenium.WebDriver.findElement(org.openqa.selenium.By)" because "this.driver" is null
at PageObjectModel.LoginPom.enterUsernameTxt(LoginPom.java:43)
at PageObjectModel.LoginPom.enterLoginFormFields(LoginPom.java:76)
at StepDefinitions.Step_LoginPage.the_user_clicks_login_button_after_entering_valid_username_and_valid_password_from_and_row(Step_LoginPage.java:99)
at ✽.The user clicks login button after entering valid username and valid password from "login" and row 6(file:///C:/Users/Lavanya%20Yelakala/eclipse-workspace/DSAlgo_TeamAchievers/src/test/resources/features/UC03_loginPage.feature:54)
]]>
    </error>
  </testcase> <!-- runScenario -->
  <testcase classname="Runner.TestRunner" name="runScenario" time="0.018">
    <error message="Cannot invoke &quot;org.openqa.selenium.WebDriver.findElement(org.openqa.selenium.By)&quot; because &quot;this.driver&quot; is null" type="java.lang.NullPointerException">
      <![CDATA[java.lang.NullPointerException: Cannot invoke "org.openqa.selenium.WebDriver.findElement(org.openqa.selenium.By)" because "this.driver" is null
at PageObjectModel.HomePom.ClickHomePageGetStartedButton(HomePom.java:45)
at StepDefinitions.Step_HomePage.the_user_clicks_the_get_started_button(Step_HomePage.java:45)
at ✽.The user clicks the Get Started button(file:///C:/Users/Lavanya%20Yelakala/eclipse-workspace/DSAlgo_TeamAchievers/src/test/resources/features/UC01_homePage.feature:11)
]]>
    </error>
  </testcase> <!-- runScenario -->
  <testcase classname="Runner.TestRunner" name="runScenario" time="0.008">
    <error message="Cannot invoke &quot;org.openqa.selenium.WebDriver.get(String)&quot; because &quot;this.driver&quot; is null" type="java.lang.NullPointerException">
      <![CDATA[java.lang.NullPointerException: Cannot invoke "org.openqa.selenium.WebDriver.get(String)" because "this.driver" is null
at PageObjectModel.HomePom.openURL(HomePom.java:28)
at StepDefinitions.Step_DataStructurePage.the_user_is_landed_on_the_home_page_after_sign_in(Step_DataStructurePage.java:48)
at ✽.The user is landed on the home page after sign-in(file:///C:/Users/Lavanya%20Yelakala/eclipse-workspace/DSAlgo_TeamAchievers/src/test/resources/features/UC04_dataStructureIntro.feature:5)
]]>
    </error>
  </testcase> <!-- runScenario -->
  <testcase classname="Runner.TestRunner" name="runScenario" time="0.042">
    <error message="Cannot invoke &quot;org.openqa.selenium.WebDriver.findElement(org.openqa.selenium.By)&quot; because &quot;this.driver&quot; is null" type="java.lang.NullPointerException">
      <![CDATA[java.lang.NullPointerException: Cannot invoke "org.openqa.selenium.WebDriver.findElement(org.openqa.selenium.By)" because "this.driver" is null
at PageObjectModel.LoginPom.enterUsernameTxt(LoginPom.java:43)
at PageObjectModel.LoginPom.enterLoginFormFields(LoginPom.java:76)
at StepDefinitions.Step_LoginPage.the_user_clicks_login_button_after_entering_invalid_username_and_valid_password_and_row(Step_LoginPage.java:83)
at ✽.The user clicks login button after entering invalid username and valid password "login" and row 4(file:///C:/Users/Lavanya%20Yelakala/eclipse-workspace/DSAlgo_TeamAchievers/src/test/resources/features/UC03_loginPage.feature:38)
]]>
    </error>
  </testcase> <!-- runScenario -->
</testsuite> <!-- Runner.TestRunner -->
